<?xml version="1.0" encoding="UTF-8"?>
<!-- Generated by org.testng.reporters.JUnitXMLReporter -->
<testsuite hostname="DESKTOP-A120HHD" name="Surefire test" tests="3" failures="0" timestamp="15 May 2016 23:02:55 GMT" time="0.018" errors="0">
  <testcase name="test_12_divide_4_plus_7_shouldBe_10" time="0.006" classname="sllistenertest.CalcTest"/>
  <testcase name="test_16_divide_4_plus_7_shouldBe_11" time="0.0" classname="sllistenertest.CalcTest"/>
  <testcase name="test_5_plus_7_shouldBe_12" time="0.001" classname="sllistenertest.CalcTest"/>
</testsuite>
