<?xml version="1.0" encoding="UTF-8"?>
<!-- Generated by org.testng.reporters.JUnitXMLReporter -->
<testsuite hostname="DESKTOP-A120HHD" name="Surefire test" tests="3" failures="0" timestamp="15 May 2016 23:02:56 GMT" time="0.017" errors="0">
  <testcase name="test_12_divide_4_plus_7_shouldBe_10" time="0.007" classname="sllistenertest.TestNgCalcTest"/>
  <testcase name="test_16_divide_4_plus_7_shouldBe_11" time="0.0" classname="sllistenertest.TestNgCalcTest"/>
  <testcase name="test_5_plus_7_shouldBe_12" time="0.0" classname="sllistenertest.TestNgCalcTest"/>
</testsuite>
